# JRE version: OpenJDK Runtime Environment (8.0_152-b02) (build 1.8.0_152-release-1024-b02)
# Java VM: OpenJDK 64-Bit Server VM (25.152-b02 mixed mode windows-amd64 compressed oops)
Heap:
 PSYoungGen      total 484352K, used 440206K [0x00000000e0000000, 0x0000000100000000, 0x0000000100000000)
  eden space 443904K, 96% used [0x00000000e0000000,0x00000000fa47d5d8,0x00000000fb180000)
  from space 40448K, 23% used [0x00000000fd880000,0x00000000fe1e64f8,0x0000000100000000)
  to   space 39936K, 0% used [0x00000000fb180000,0x00000000fb180000,0x00000000fd880000)
 ParOldGen       total 192512K, used 61740K [0x00000000a0000000, 0x00000000abc00000, 0x00000000e0000000)
  object space 192512K, 32% used [0x00000000a0000000,0x00000000a3c4b088,0x00000000abc00000)
 Metaspace       used 87611K, capacity 93784K, committed 94040K, reserved 1130496K
  class space    used 11453K, capacity 12617K, committed 12672K, reserved 1048576K
GC Heap History (10 events):
Event: 850.120 GC heap before
{Heap before GC invocations=13 (full 3):
 PSYoungGen      total 249344K, used 224768K [0x00000000e0000000, 0x00000000f1800000, 0x0000000100000000)
  eden space 224768K, 100% used [0x00000000e0000000,0x00000000edb80000,0x00000000edb80000)
  from space 24576K, 0% used [0x00000000edb80000,0x00000000edb80000,0x00000000ef380000)
  to   space 25088K, 0% used [0x00000000eff80000,0x00000000eff80000,0x00000000f1800000)
 ParOldGen       total 192512K, used 28608K [0x00000000a0000000, 0x00000000abc00000, 0x00000000e0000000)
  object space 192512K, 14% used [0x00000000a0000000,0x00000000a1bf00b0,0x00000000abc00000)
 Metaspace       used 62477K, capacity 64452K, committed 64600K, reserved 1105920K
  class space    used 8273K, capacity 8783K, committed 8832K, reserved 1048576K
Event: 850.129 GC heap after
Heap after GC invocations=13 (full 3):
 PSYoungGen      total 259072K, used 23183K [0x00000000e0000000, 0x00000000f7e80000, 0x0000000100000000)
  eden space 233984K, 0% used [0x00000000e0000000,0x00000000e0000000,0x00000000ee480000)
  from space 25088K, 92% used [0x00000000eff80000,0x00000000f1623d40,0x00000000f1800000)
  to   space 27648K, 0% used [0x00000000ee480000,0x00000000ee480000,0x00000000eff80000)
 ParOldGen       total 192512K, used 28616K [0x00000000a0000000, 0x00000000abc00000, 0x00000000e0000000)
  object space 192512K, 14% used [0x00000000a0000000,0x00000000a1bf20b0,0x00000000abc00000)
 Metaspace       used 62477K, capacity 64452K, committed 64600K, reserved 1105920K
  class space    used 8273K, capacity 8783K, committed 8832K, reserved 1048576K
}
Event: 1111.944 GC heap before
{Heap before GC invocations=14 (full 3):
 PSYoungGen      total 259072K, used 257167K [0x00000000e0000000, 0x00000000f7e80000, 0x0000000100000000)
  eden space 233984K, 100% used [0x00000000e0000000,0x00000000ee480000,0x00000000ee480000)
  from space 25088K, 92% used [0x00000000eff80000,0x00000000f1623d40,0x00000000f1800000)
  to   space 27648K, 0% used [0x00000000ee480000,0x00000000ee480000,0x00000000eff80000)
 ParOldGen       total 192512K, used 28616K [0x00000000a0000000, 0x00000000abc00000, 0x00000000e0000000)
  object space 192512K, 14% used [0x00000000a0000000,0x00000000a1bf20b0,0x00000000abc00000)
 Metaspace       used 67652K, capacity 70226K, committed 70360K, reserved 1110016K
  class space    used 8803K, capacity 9444K, committed 9472K, reserved 1048576K
Event: 1111.955 GC heap after
Heap after GC invocations=14 (full 3):
 PSYoungGen      total 261632K, used 27641K [0x00000000e0000000, 0x00000000f8e00000, 0x0000000100000000)
  eden space 233984K, 0% used [0x00000000e0000000,0x00000000e0000000,0x00000000ee480000)
  from space 27648K, 99% used [0x00000000ee480000,0x00000000eff7e7f8,0x00000000eff80000)
  to   space 31744K, 0% used [0x00000000f6f00000,0x00000000f6f00000,0x00000000f8e00000)
 ParOldGen       total 192512K, used 29690K [0x00000000a0000000, 0x00000000abc00000, 0x00000000e0000000)
  object space 192512K, 15% used [0x00000000a0000000,0x00000000a1cfeb28,0x00000000abc00000)
 Metaspace       used 67652K, capacity 70226K, committed 70360K, reserved 1110016K
  class space    used 8803K, capacity 9444K, committed 9472K, reserved 1048576K
}
Event: 1138.831 GC heap before
{Heap before GC invocations=15 (full 3):
 PSYoungGen      total 261632K, used 261625K [0x00000000e0000000, 0x00000000f8e00000, 0x0000000100000000)
  eden space 233984K, 100% used [0x00000000e0000000,0x00000000ee480000,0x00000000ee480000)
  from space 27648K, 99% used [0x00000000ee480000,0x00000000eff7e7f8,0x00000000eff80000)
  to   space 31744K, 0% used [0x00000000f6f00000,0x00000000f6f00000,0x00000000f8e00000)
 ParOldGen       total 192512K, used 29690K [0x00000000a0000000, 0x00000000abc00000, 0x00000000e0000000)
  object space 192512K, 15% used [0x00000000a0000000,0x00000000a1cfeb28,0x00000000abc00000)
 Metaspace       used 72950K, capacity 75752K, committed 75864K, reserved 1116160K
  class space    used 9412K, capacity 10107K, committed 10112K, reserved 1048576K
Event: 1138.852 GC heap after
Heap after GC invocations=15 (full 3):
 PSYoungGen      total 368128K, used 31734K [0x00000000e0000000, 0x00000000f9380000, 0x0000000100000000)
  eden space 336384K, 0% used [0x00000000e0000000,0x00000000e0000000,0x00000000f4880000)
  from space 31744K, 99% used [0x00000000f6f00000,0x00000000f8dfdae8,0x00000000f8e00000)
  to   space 38400K, 0% used [0x00000000f4880000,0x00000000f4880000,0x00000000f6e00000)
 ParOldGen       total 192512K, used 36718K [0x00000000a0000000, 0x00000000abc00000, 0x00000000e0000000)
  object space 192512K, 19% used [0x00000000a0000000,0x00000000a23dbb30,0x00000000abc00000)
 Metaspace       used 72950K, capacity 75752K, committed 75864K, reserved 1116160K
  class space    used 9412K, capacity 10107K, committed 10112K, reserved 1048576K
}
Event: 1141.844 GC heap before
{Heap before GC invocations=16 (full 3):
 PSYoungGen      total 368128K, used 367567K [0x00000000e0000000, 0x00000000f9380000, 0x0000000100000000)
  eden space 336384K, 99% used [0x00000000e0000000,0x00000000f47f6128,0x00000000f4880000)
  from space 31744K, 99% used [0x00000000f6f00000,0x00000000f8dfdae8,0x00000000f8e00000)
  to   space 38400K, 0% used [0x00000000f4880000,0x00000000f4880000,0x00000000f6e00000)
 ParOldGen       total 192512K, used 36718K [0x00000000a0000000, 0x00000000abc00000, 0x00000000e0000000)
  object space 192512K, 19% used [0x00000000a0000000,0x00000000a23dbb30,0x00000000abc00000)
 Metaspace       used 84195K, capacity 89822K, committed 90072K, reserved 1126400K
  class space    used 11091K, capacity 12200K, committed 12288K, reserved 1048576K
Event: 1141.868 GC heap after
Heap after GC invocations=16 (full 3):
 PSYoungGen      total 374784K, used 29213K [0x00000000e0000000, 0x0000000100000000, 0x0000000100000000)
  eden space 336384K, 0% used [0x00000000e0000000,0x00000000e0000000,0x00000000f4880000)
  from space 38400K, 76% used [0x00000000f4880000,0x00000000f6507590,0x00000000f6e00000)
  to   space 40448K, 0% used [0x00000000fd880000,0x00000000fd880000,0x0000000100000000)
 ParOldGen       total 192512K, used 54894K [0x00000000a0000000, 0x00000000abc00000, 0x00000000e0000000)
  object space 192512K, 28% used [0x00000000a0000000,0x00000000a359bb40,0x00000000abc00000)
 Metaspace       used 84195K, capacity 89822K, committed 90072K, reserved 1126400K
  class space    used 11091K, capacity 12200K, committed 12288K, reserved 1048576K
}
Event: 1159.947 GC heap before
{Heap before GC invocations=17 (full 3):
 PSYoungGen      total 374784K, used 365597K [0x00000000e0000000, 0x0000000100000000, 0x0000000100000000)
  eden space 336384K, 100% used [0x00000000e0000000,0x00000000f4880000,0x00000000f4880000)
  from space 38400K, 76% used [0x00000000f4880000,0x00000000f6507590,0x00000000f6e00000)
  to   space 40448K, 0% used [0x00000000fd880000,0x00000000fd880000,0x0000000100000000)
 ParOldGen       total 192512K, used 54894K [0x00000000a0000000, 0x00000000abc00000, 0x00000000e0000000)
  object space 192512K, 28% used [0x00000000a0000000,0x00000000a359bb40,0x00000000abc00000)
 Metaspace       used 84948K, capacity 90816K, committed 90968K, reserved 1128448K
  class space    used 11213K, capacity 12367K, committed 12416K, reserved 1048576K
Event: 1159.956 GC heap after
Heap after GC invocations=17 (full 3):
 PSYoungGen      total 484352K, used 9625K [0x00000000e0000000, 0x0000000100000000, 0x0000000100000000)
  eden space 443904K, 0% used [0x00000000e0000000,0x00000000e0000000,0x00000000fb180000)
  from space 40448K, 23% used [0x00000000fd880000,0x00000000fe1e64f8,0x0000000100000000)
  to   space 39936K, 0% used [0x00000000fb180000,0x00000000fb180000,0x00000000fd880000)
 ParOldGen       total 192512K, used 61740K [0x00000000a0000000, 0x00000000abc00000, 0x00000000e0000000)
  object space 192512K, 32% used [0x00000000a0000000,0x00000000a3c4b088,0x00000000abc00000)
 Metaspace       used 84948K, capacity 90816K, committed 90968K, reserved 1128448K
  class space    used 11213K, capacity 12367K, committed 12416K, reserved 1048576K
}

