# JRE version: OpenJDK Runtime Environment (8.0_152-b06) (build 1.8.0_152-release-1136-b06)
# Java VM: OpenJDK 64-Bit Server VM (25.152-b06 mixed mode windows-amd64 compressed oops)
Heap:
 PSYoungGen      total 198656K, used 91448K [0x00000000e0000000, 0x00000000f0300000, 0x0000000100000000)
  eden space 176640K, 42% used [0x00000000e0000000,0x00000000e49cc3a8,0x00000000eac80000)
  from space 22016K, 72% used [0x00000000eac80000,0x00000000ebc01fb8,0x00000000ec200000)
  to   space 22528K, 0% used [0x00000000eed00000,0x00000000eed00000,0x00000000f0300000)
 ParOldGen       total 246784K, used 38214K [0x00000000a0000000, 0x00000000af100000, 0x00000000e0000000)
  object space 246784K, 15% used [0x00000000a0000000,0x00000000a2551b08,0x00000000af100000)
 Metaspace       used 67854K, capacity 69716K, committed 70016K, reserved 1110016K
  class space    used 8821K, capacity 9253K, committed 9344K, reserved 1048576K
GC Heap History (10 events):
Event: 5.998 GC heap before
{Heap before GC invocations=10 (full 2):
 PSYoungGen      total 111104K, used 111074K [0x00000000e0000000, 0x00000000ea200000, 0x0000000100000000)
  eden space 99328K, 100% used [0x00000000e0000000,0x00000000e6100000,0x00000000e6100000)
  from space 11776K, 99% used [0x00000000e6100000,0x00000000e6c789d8,0x00000000e6c80000)
  to   space 12800K, 0% used [0x00000000e9580000,0x00000000e9580000,0x00000000ea200000)
 ParOldGen       total 169472K, used 16498K [0x00000000a0000000, 0x00000000aa580000, 0x00000000e0000000)
  object space 169472K, 9% used [0x00000000a0000000,0x00000000a101c950,0x00000000aa580000)
 Metaspace       used 49326K, capacity 50384K, committed 50432K, reserved 1093632K
  class space    used 6587K, capacity 6897K, committed 6912K, reserved 1048576K
Event: 6.009 GC heap after
Heap after GC invocations=10 (full 2):
 PSYoungGen      total 150528K, used 12773K [0x00000000e0000000, 0x00000000ea880000, 0x0000000100000000)
  eden space 137728K, 0% used [0x00000000e0000000,0x00000000e0000000,0x00000000e8680000)
  from space 12800K, 99% used [0x00000000e9580000,0x00000000ea1f94d0,0x00000000ea200000)
  to   space 15360K, 0% used [0x00000000e8680000,0x00000000e8680000,0x00000000e9580000)
 ParOldGen       total 169472K, used 19872K [0x00000000a0000000, 0x00000000aa580000, 0x00000000e0000000)
  object space 169472K, 11% used [0x00000000a0000000,0x00000000a1368328,0x00000000aa580000)
 Metaspace       used 49326K, capacity 50384K, committed 50432K, reserved 1093632K
  class space    used 6587K, capacity 6897K, committed 6912K, reserved 1048576K
}
Event: 7.122 GC heap before
{Heap before GC invocations=11 (full 2):
 PSYoungGen      total 150528K, used 150501K [0x00000000e0000000, 0x00000000ea880000, 0x0000000100000000)
  eden space 137728K, 100% used [0x00000000e0000000,0x00000000e8680000,0x00000000e8680000)
  from space 12800K, 99% used [0x00000000e9580000,0x00000000ea1f94d0,0x00000000ea200000)
  to   space 15360K, 0% used [0x00000000e8680000,0x00000000e8680000,0x00000000e9580000)
 ParOldGen       total 169472K, used 19872K [0x00000000a0000000, 0x00000000aa580000, 0x00000000e0000000)
  object space 169472K, 11% used [0x00000000a0000000,0x00000000a1368328,0x00000000aa580000)
 Metaspace       used 57007K, capacity 58606K, committed 58880K, reserved 1099776K
  class space    used 7737K, capacity 8150K, committed 8192K, reserved 1048576K
Event: 7.140 GC heap after
Heap after GC invocations=11 (full 2):
 PSYoungGen      total 153088K, used 15341K [0x00000000e0000000, 0x00000000ed880000, 0x0000000100000000)
  eden space 137728K, 0% used [0x00000000e0000000,0x00000000e0000000,0x00000000e8680000)
  from space 15360K, 99% used [0x00000000e8680000,0x00000000e957b530,0x00000000e9580000)
  to   space 23040K, 0% used [0x00000000ec200000,0x00000000ec200000,0x00000000ed880000)
 ParOldGen       total 169472K, used 33945K [0x00000000a0000000, 0x00000000aa580000, 0x00000000e0000000)
  object space 169472K, 20% used [0x00000000a0000000,0x00000000a21266c8,0x00000000aa580000)
 Metaspace       used 57007K, capacity 58606K, committed 58880K, reserved 1099776K
  class space    used 7737K, capacity 8150K, committed 8192K, reserved 1048576K
}
Event: 7.255 GC heap before
{Heap before GC invocations=12 (full 2):
 PSYoungGen      total 153088K, used 28947K [0x00000000e0000000, 0x00000000ed880000, 0x0000000100000000)
  eden space 137728K, 9% used [0x00000000e0000000,0x00000000e0d49888,0x00000000e8680000)
  from space 15360K, 99% used [0x00000000e8680000,0x00000000e957b530,0x00000000e9580000)
  to   space 23040K, 0% used [0x00000000ec200000,0x00000000ec200000,0x00000000ed880000)
 ParOldGen       total 169472K, used 33945K [0x00000000a0000000, 0x00000000aa580000, 0x00000000e0000000)
  object space 169472K, 20% used [0x00000000a0000000,0x00000000a21266c8,0x00000000aa580000)
 Metaspace       used 57378K, capacity 58978K, committed 59028K, reserved 1099776K
  class space    used 7771K, capacity 8184K, committed 8192K, reserved 1048576K
Event: 7.264 GC heap after
Heap after GC invocations=12 (full 2):
 PSYoungGen      total 199680K, used 13204K [0x00000000e0000000, 0x00000000ee600000, 0x0000000100000000)
  eden space 176640K, 0% used [0x00000000e0000000,0x00000000e0000000,0x00000000eac80000)
  from space 23040K, 57% used [0x00000000ec200000,0x00000000ecee5140,0x00000000ed880000)
  to   space 22016K, 0% used [0x00000000eac80000,0x00000000eac80000,0x00000000ec200000)
 ParOldGen       total 169472K, used 38125K [0x00000000a0000000, 0x00000000aa580000, 0x00000000e0000000)
  object space 169472K, 22% used [0x00000000a0000000,0x00000000a253b5e0,0x00000000aa580000)
 Metaspace       used 57378K, capacity 58978K, committed 59028K, reserved 1099776K
  class space    used 7771K, capacity 8184K, committed 8192K, reserved 1048576K
}
Event: 7.264 GC heap before
{Heap before GC invocations=13 (full 3):
 PSYoungGen      total 199680K, used 13204K [0x00000000e0000000, 0x00000000ee600000, 0x0000000100000000)
  eden space 176640K, 0% used [0x00000000e0000000,0x00000000e0000000,0x00000000eac80000)
  from space 23040K, 57% used [0x00000000ec200000,0x00000000ecee5140,0x00000000ed880000)
  to   space 22016K, 0% used [0x00000000eac80000,0x00000000eac80000,0x00000000ec200000)
 ParOldGen       total 169472K, used 38125K [0x00000000a0000000, 0x00000000aa580000, 0x00000000e0000000)
  object space 169472K, 22% used [0x00000000a0000000,0x00000000a253b5e0,0x00000000aa580000)
 Metaspace       used 57378K, capacity 58978K, committed 59028K, reserved 1099776K
  class space    used 7771K, capacity 8184K, committed 8192K, reserved 1048576K
Event: 7.434 GC heap after
Heap after GC invocations=13 (full 3):
 PSYoungGen      total 199680K, used 0K [0x00000000e0000000, 0x00000000ee600000, 0x0000000100000000)
  eden space 176640K, 0% used [0x00000000e0000000,0x00000000e0000000,0x00000000eac80000)
  from space 23040K, 0% used [0x00000000ec200000,0x00000000ec200000,0x00000000ed880000)
  to   space 22016K, 0% used [0x00000000eac80000,0x00000000eac80000,0x00000000ec200000)
 ParOldGen       total 246784K, used 38206K [0x00000000a0000000, 0x00000000af100000, 0x00000000e0000000)
  object space 246784K, 15% used [0x00000000a0000000,0x00000000a254fb08,0x00000000af100000)
 Metaspace       used 57378K, capacity 58978K, committed 59028K, reserved 1099776K
  class space    used 7771K, capacity 8184K, committed 8192K, reserved 1048576K
}
Event: 61.120 GC heap before
{Heap before GC invocations=14 (full 3):
 PSYoungGen      total 199680K, used 176640K [0x00000000e0000000, 0x00000000ee600000, 0x0000000100000000)
  eden space 176640K, 100% used [0x00000000e0000000,0x00000000eac80000,0x00000000eac80000)
  from space 23040K, 0% used [0x00000000ec200000,0x00000000ec200000,0x00000000ed880000)
  to   space 22016K, 0% used [0x00000000eac80000,0x00000000eac80000,0x00000000ec200000)
 ParOldGen       total 246784K, used 38206K [0x00000000a0000000, 0x00000000af100000, 0x00000000e0000000)
  object space 246784K, 15% used [0x00000000a0000000,0x00000000a254fb08,0x00000000af100000)
 Metaspace       used 67497K, capacity 69286K, committed 69504K, reserved 1110016K
  class space    used 8817K, capacity 9246K, committed 9344K, reserved 1048576K
Event: 61.130 GC heap after
Heap after GC invocations=14 (full 3):
 PSYoungGen      total 198656K, used 15879K [0x00000000e0000000, 0x00000000f0300000, 0x0000000100000000)
  eden space 176640K, 0% used [0x00000000e0000000,0x00000000e0000000,0x00000000eac80000)
  from space 22016K, 72% used [0x00000000eac80000,0x00000000ebc01fb8,0x00000000ec200000)
  to   space 22528K, 0% used [0x00000000eed00000,0x00000000eed00000,0x00000000f0300000)
 ParOldGen       total 246784K, used 38214K [0x00000000a0000000, 0x00000000af100000, 0x00000000e0000000)
  object space 246784K, 15% used [0x00000000a0000000,0x00000000a2551b08,0x00000000af100000)
 Metaspace       used 67497K, capacity 69286K, committed 69504K, reserved 1110016K
  class space    used 8817K, capacity 9246K, committed 9344K, reserved 1048576K
}

